# JRE version: Java(TM) SE Runtime Environment (8.0_112-b16) (build 1.8.0_112-b16)
# Java VM: Java HotSpot(TM) 64-Bit Server VM (25.112-b16 mixed mode bsd-amd64 compressed oops)
Heap:
 PSYoungGen      total 678912K, used 477571K [0x0000000795580000, 0x00000007c0000000, 0x00000007c0000000)
  eden space 663040K, 69% used [0x0000000795580000,0x00000007b1868df0,0x00000007bdd00000)
  from space 15872K, 99% used [0x00000007bf080000,0x00000007bfff8010,0x00000007c0000000)
  to   space 17920K, 0% used [0x00000007bdd00000,0x00000007bdd00000,0x00000007bee80000)
 ParOldGen       total 132096K, used 21232K [0x0000000740000000, 0x0000000748100000, 0x0000000795580000)
  object space 132096K, 16% used [0x0000000740000000,0x00000007414bc3a8,0x0000000748100000)
 Metaspace       used 61563K, capacity 87591K, committed 87832K, reserved 1107968K
  class space    used 21769K, capacity 30193K, committed 30232K, reserved 1048576K
GC Heap History (10 events):
Event: 13.370 GC heap before
{Heap before GC invocations=31 (full 3):
 PSYoungGen      total 656896K, used 654272K [0x0000000795580000, 0x00000007c0000000, 0x00000007c0000000)
  eden space 643584K, 100% used [0x0000000795580000,0x00000007bca00000,0x00000007bca00000)
  from space 13312K, 80% used [0x00000007bca00000,0x00000007bd470000,0x00000007bd700000)
  to   space 13824K, 0% used [0x00000007bf280000,0x00000007bf280000,0x00000007c0000000)
 ParOldGen       total 132096K, used 20952K [0x0000000740000000, 0x0000000748100000, 0x0000000795580000)
  object space 132096K, 15% used [0x0000000740000000,0x00000007414763a8,0x0000000748100000)
 Metaspace       used 57981K, capacity 82185K, committed 82456K, reserved 1103872K
  class space    used 20237K, capacity 28087K, committed 28184K, reserved 1048576K
Event: 13.378 GC heap after
Heap after GC invocations=31 (full 3):
 PSYoungGen      total 684032K, used 10688K [0x0000000795580000, 0x00000007c0000000, 0x00000007c0000000)
  eden space 670208K, 0% used [0x0000000795580000,0x0000000795580000,0x00000007be400000)
  from space 13824K, 77% used [0x00000007bf280000,0x00000007bfcf0000,0x00000007c0000000)
  to   space 14336K, 0% used [0x00000007be400000,0x00000007be400000,0x00000007bf200000)
 ParOldGen       total 132096K, used 20960K [0x0000000740000000, 0x0000000748100000, 0x0000000795580000)
  object space 132096K, 15% used [0x0000000740000000,0x00000007414783a8,0x0000000748100000)
 Metaspace       used 57981K, capacity 82185K, committed 82456K, reserved 1103872K
  class space    used 20237K, capacity 28087K, committed 28184K, reserved 1048576K
}
Event: 14.678 GC heap before
{Heap before GC invocations=32 (full 3):
 PSYoungGen      total 684032K, used 680896K [0x0000000795580000, 0x00000007c0000000, 0x00000007c0000000)
  eden space 670208K, 100% used [0x0000000795580000,0x00000007be400000,0x00000007be400000)
  from space 13824K, 77% used [0x00000007bf280000,0x00000007bfcf0000,0x00000007c0000000)
  to   space 14336K, 0% used [0x00000007be400000,0x00000007be400000,0x00000007bf200000)
 ParOldGen       total 132096K, used 20960K [0x0000000740000000, 0x0000000748100000, 0x0000000795580000)
  object space 132096K, 15% used [0x0000000740000000,0x00000007414783a8,0x0000000748100000)
 Metaspace       used 57983K, capacity 82185K, committed 82456K, reserved 1103872K
  class space    used 20237K, capacity 28087K, committed 28184K, reserved 1048576K
Event: 14.688 GC heap after
Heap after GC invocations=32 (full 3):
 PSYoungGen      total 684544K, used 10560K [0x0000000795580000, 0x00000007c0000000, 0x00000007c0000000)
  eden space 670208K, 0% used [0x0000000795580000,0x0000000795580000,0x00000007be400000)
  from space 14336K, 73% used [0x00000007be400000,0x00000007bee50000,0x00000007bf200000)
  to   space 14336K, 0% used [0x00000007bf200000,0x00000007bf200000,0x00000007c0000000)
 ParOldGen       total 132096K, used 20968K [0x0000000740000000, 0x0000000748100000, 0x0000000795580000)
  object space 132096K, 15% used [0x0000000740000000,0x000000074147a3a8,0x0000000748100000)
 Metaspace       used 57983K, capacity 82185K, committed 82456K, reserved 1103872K
  class space    used 20237K, capacity 28087K, committed 28184K, reserved 1048576K
}
Event: 16.468 GC heap before
{Heap before GC invocations=33 (full 3):
 PSYoungGen      total 684544K, used 680768K [0x0000000795580000, 0x00000007c0000000, 0x00000007c0000000)
  eden space 670208K, 100% used [0x0000000795580000,0x00000007be400000,0x00000007be400000)
  from space 14336K, 73% used [0x00000007be400000,0x00000007bee50000,0x00000007bf200000)
  to   space 14336K, 0% used [0x00000007bf200000,0x00000007bf200000,0x00000007c0000000)
 ParOldGen       total 132096K, used 20968K [0x0000000740000000, 0x0000000748100000, 0x0000000795580000)
  object space 132096K, 15% used [0x0000000740000000,0x000000074147a3a8,0x0000000748100000)
 Metaspace       used 61497K, capacity 87507K, committed 87576K, reserved 1105920K
  class space    used 21767K, capacity 30193K, committed 30232K, reserved 1048576K
Event: 16.476 GC heap after
Heap after GC invocations=33 (full 3):
 PSYoungGen      total 682496K, used 12403K [0x0000000795580000, 0x00000007c0000000, 0x00000007c0000000)
  eden space 668160K, 0% used [0x0000000795580000,0x0000000795580000,0x00000007be200000)
  from space 14336K, 86% used [0x00000007bf200000,0x00000007bfe1cef0,0x00000007c0000000)
  to   space 15360K, 0% used [0x00000007be200000,0x00000007be200000,0x00000007bf100000)
 ParOldGen       total 132096K, used 20976K [0x0000000740000000, 0x0000000748100000, 0x0000000795580000)
  object space 132096K, 15% used [0x0000000740000000,0x000000074147c3a8,0x0000000748100000)
 Metaspace       used 61497K, capacity 87507K, committed 87576K, reserved 1105920K
  class space    used 21767K, capacity 30193K, committed 30232K, reserved 1048576K
}
Event: 17.138 GC heap before
{Heap before GC invocations=34 (full 3):
 PSYoungGen      total 682496K, used 680563K [0x0000000795580000, 0x00000007c0000000, 0x00000007c0000000)
  eden space 668160K, 100% used [0x0000000795580000,0x00000007be200000,0x00000007be200000)
  from space 14336K, 86% used [0x00000007bf200000,0x00000007bfe1cef0,0x00000007c0000000)
  to   space 15360K, 0% used [0x00000007be200000,0x00000007be200000,0x00000007bf100000)
 ParOldGen       total 132096K, used 20976K [0x0000000740000000, 0x0000000748100000, 0x0000000795580000)
  object space 132096K, 15% used [0x0000000740000000,0x000000074147c3a8,0x0000000748100000)
 Metaspace       used 61507K, capacity 87511K, committed 87576K, reserved 1105920K
  class space    used 21767K, capacity 30193K, committed 30232K, reserved 1048576K
Event: 17.147 GC heap after
Heap after GC invocations=34 (full 3):
 PSYoungGen      total 680448K, used 12256K [0x0000000795580000, 0x00000007c0000000, 0x00000007c0000000)
  eden space 668160K, 0% used [0x0000000795580000,0x0000000795580000,0x00000007be200000)
  from space 12288K, 99% used [0x00000007be200000,0x00000007bedf8010,0x00000007bee00000)
  to   space 15872K, 0% used [0x00000007bf080000,0x00000007bf080000,0x00000007c0000000)
 ParOldGen       total 132096K, used 20984K [0x0000000740000000, 0x0000000748100000, 0x0000000795580000)
  object space 132096K, 15% used [0x0000000740000000,0x000000074147e3a8,0x0000000748100000)
 Metaspace       used 61507K, capacity 87511K, committed 87576K, reserved 1105920K
  class space    used 21767K, capacity 30193K, committed 30232K, reserved 1048576K
}
Event: 17.447 GC heap before
{Heap before GC invocations=35 (full 3):
 PSYoungGen      total 680448K, used 680416K [0x0000000795580000, 0x00000007c0000000, 0x00000007c0000000)
  eden space 668160K, 100% used [0x0000000795580000,0x00000007be200000,0x00000007be200000)
  from space 12288K, 99% used [0x00000007be200000,0x00000007bedf8010,0x00000007bee00000)
  to   space 15872K, 0% used [0x00000007bf080000,0x00000007bf080000,0x00000007c0000000)
 ParOldGen       total 132096K, used 20984K [0x0000000740000000, 0x0000000748100000, 0x0000000795580000)
  object space 132096K, 15% used [0x0000000740000000,0x000000074147e3a8,0x0000000748100000)
 Metaspace       used 61555K, capacity 87591K, committed 87832K, reserved 1107968K
  class space    used 21769K, capacity 30193K, committed 30232K, reserved 1048576K
Event: 17.458 GC heap after
Heap after GC invocations=35 (full 3):
 PSYoungGen      total 678912K, used 15840K [0x0000000795580000, 0x00000007c0000000, 0x00000007c0000000)
  eden space 663040K, 0% used [0x0000000795580000,0x0000000795580000,0x00000007bdd00000)
  from space 15872K, 99% used [0x00000007bf080000,0x00000007bfff8010,0x00000007c0000000)
  to   space 17920K, 0% used [0x00000007bdd00000,0x00000007bdd00000,0x00000007bee80000)
 ParOldGen       total 132096K, used 21232K [0x0000000740000000, 0x0000000748100000, 0x0000000795580000)
  object space 132096K, 16% used [0x0000000740000000,0x00000007414bc3a8,0x0000000748100000)
 Metaspace       used 61555K, capacity 87591K, committed 87832K, reserved 1107968K
  class space    used 21769K, capacity 30193K, committed 30232K, reserved 1048576K
}

